

################### NEW BEGINNING ##################

================= argv_parse_to_dict__dict begin =================
About to enter the function: argv_parse_to_dict__dict
The documentation of the function: Parse the parameter list.
Real parameters: (['argv.py', '-a'],), {}
Return value: {'__ANONYMOUS': ['argv.py']}
The function finishes.
================= argv_parse_to_dict__dict end =================


################### NEW BEGINNING ##################

================= argv_parse_to_dict__dict begin =================
About to enter the function: argv_parse_to_dict__dict
The documentation of the function: Parse the parameter list.
Real parameters: (['argv.py', '-a', 'name'],), {}
Return value: {'__ANONYMOUS': ['argv.py'], '-a': 'name'}
The function finishes.
================= argv_parse_to_dict__dict end =================


################### NEW BEGINNING ##################

================= argv_parse_to_dict__dict begin =================
About to enter the function: argv_parse_to_dict__dict
The documentation of the function: Parse the parameter list.
Real parameters: (['argv.py', '-g', '-a', 'name'],), {}
Return value: {'__ANONYMOUS': ['argv.py'], '-g': '', '-a': 'name'}
The function finishes.
================= argv_parse_to_dict__dict end =================
