

################### NEW BEGINNING ##################

================= argv_parse_to_dict__dict begin =================
About to enter the function: argv_parse_to_dict__dict
The documentation of the function: Parse the parameter list.
Real parameters: (['.\\argv.py'],), {}
Return value: {'__ANONYMOUS': ['.\\argv.py']}
The function finishes.
================= argv_parse_to_dict__dict end =================


################### NEW BEGINNING ##################

================= argv_parse_to_dict__dict begin =================
About to enter the function: argv_parse_to_dict__dict
The documentation of the function: Parse the parameter list.
Real parameters: (['.\\argv.py', '-u'],), {}
Return value: {'__ANONYMOUS': ['.\\argv.py']}
The function finishes.
================= argv_parse_to_dict__dict end =================


################### NEW BEGINNING ##################

================= argv_parse_to_dict__dict begin =================
About to enter the function: argv_parse_to_dict__dict
The documentation of the function: Parse the parameter list.
Real parameters: (['.\\argv.py', '-u', 'a'],), {}
Return value: {'__ANONYMOUS': ['.\\argv.py'], '-u': 'a'}
The function finishes.
================= argv_parse_to_dict__dict end =================


################### NEW BEGINNING ##################

================= argv_parse_to_dict__dict begin =================
About to enter the function: argv_parse_to_dict__dict
The documentation of the function: Parse the parameter list.
Real parameters: (['.\\argv.py', '-u', 'a', 'b'],), {}
Return value: {'__ANONYMOUS': ['.\\argv.py', 'b'], '-u': 'a'}
The function finishes.
================= argv_parse_to_dict__dict end =================


################### NEW BEGINNING ##################

================= argv_parse_to_dict__dict begin =================
About to enter the function: argv_parse_to_dict__dict
The documentation of the function: Parse the parameter list.
Real parameters: (['.\\argv.py', '-u', 'a', 'b', '-p', 'a'],), {}
Return value: {'__ANONYMOUS': ['.\\argv.py', 'b'], '-u': 'a', '-p': 'a'}
The function finishes.
================= argv_parse_to_dict__dict end =================


################### NEW BEGINNING ##################

================= argv_parse_to_dict__dict begin =================
About to enter the function: argv_parse_to_dict__dict
The documentation of the function: Parse the parameter list.
Real parameters: (['.\\argv.py', '-u', 'a', 'b', '-p'],), {}
Return value: {'__ANONYMOUS': ['.\\argv.py', 'b'], '-u': 'a'}
The function finishes.
================= argv_parse_to_dict__dict end =================


################### NEW BEGINNING ##################



################### NEW BEGINNING ##################



################### NEW BEGINNING ##################



################### NEW BEGINNING ##################



################### NEW BEGINNING ##################

